<?xml version="1.0" encoding="UTF-8"?>
<testng-results ignored="0" total="1" passed="1" failed="0" skipped="0">
  <reporter-output>
  </reporter-output>
  <suite started-at="2025-03-03T23:31:23 IST" name="Default suite" finished-at="2025-03-03T23:31:42 IST" duration-ms="18964">
    <groups>
    </groups>
    <test started-at="2025-03-03T23:31:23 IST" name="Default test" finished-at="2025-03-03T23:31:42 IST" duration-ms="18964">
      <class name="Seleniumproject.tests.SubmitOrderTest">
        <test-method signature="submitOrder()[pri:0, instance:Seleniumproject.tests.SubmitOrderTest@443118b0]" started-at="2025-03-03T23:31:24 IST" name="submitOrder" finished-at="2025-03-03T23:31:42 IST" duration-ms="18901" status="PASS">
          <reporter-output>
          </reporter-output>
        </test-method> <!-- submitOrder -->
      </class> <!-- Seleniumproject.tests.SubmitOrderTest -->
    </test> <!-- Default test -->
  </suite> <!-- Default suite -->
</testng-results>
